2025-02-27T08:22:12.226+05:30  INFO 8848 --- [EmployeeManagementSystem] [main] .e.s.EmployeeManagementSystemApplication : Starting EmployeeManagementSystemApplication using Java 21.0.5 with PID 8848 (E:\Spring Boot\EmployeeMangementSystem\Ems-backend\target\classes started by MOHAMMED ALITH in E:\Spring Boot\EmployeeMangementSystem\Ems-backend)
2025-02-27T08:22:12.236+05:30  INFO 8848 --- [EmployeeManagementSystem] [main] .e.s.EmployeeManagementSystemApplication : No active profile set, falling back to 1 default profile: "default"
2025-02-27T08:22:13.254+05:30  INFO 8848 --- [EmployeeManagementSystem] [main] .s.d.r.c.RepositoryConfigurationDelegate : Bootstrapping Spring Data JPA repositories in DEFAULT mode.
2025-02-27T08:22:13.353+05:30  INFO 8848 --- [EmployeeManagementSystem] [main] .s.d.r.c.RepositoryConfigurationDelegate : Finished Spring Data repository scanning in 85 ms. Found 1 JPA repository interface.
2025-02-27T08:22:14.183+05:30  INFO 8848 --- [EmployeeManagementSystem] [main] o.s.b.w.embedded.tomcat.TomcatWebServer  : Tomcat initialized with port 8080 (http)
2025-02-27T08:22:14.205+05:30  INFO 8848 --- [EmployeeManagementSystem] [main] o.apache.catalina.core.StandardService   : Starting service [Tomcat]
2025-02-27T08:22:14.205+05:30  INFO 8848 --- [EmployeeManagementSystem] [main] o.apache.catalina.core.StandardEngine    : Starting Servlet engine: [Apache Tomcat/10.1.36]
2025-02-27T08:22:14.320+05:30  INFO 8848 --- [EmployeeManagementSystem] [main] o.a.c.c.C.[Tomcat].[localhost].[/]       : Initializing Spring embedded WebApplicationContext
2025-02-27T08:22:14.321+05:30  INFO 8848 --- [EmployeeManagementSystem] [main] w.s.c.ServletWebServerApplicationContext : Root WebApplicationContext: initialization completed in 2015 ms
2025-02-27T08:22:14.602+05:30  INFO 8848 --- [EmployeeManagementSystem] [main] o.hibernate.jpa.internal.util.LogHelper  : HHH000204: Processing PersistenceUnitInfo [name: default]
2025-02-27T08:22:14.710+05:30  INFO 8848 --- [EmployeeManagementSystem] [main] org.hibernate.Version                    : HHH000412: Hibernate ORM core version 6.6.8.Final
2025-02-27T08:22:14.773+05:30  INFO 8848 --- [EmployeeManagementSystem] [main] o.h.c.internal.RegionFactoryInitiator    : HHH000026: Second-level cache disabled
2025-02-27T08:22:15.234+05:30  INFO 8848 --- [EmployeeManagementSystem] [main] o.s.o.j.p.SpringPersistenceUnitInfo      : No LoadTimeWeaver setup: ignoring JPA class transformer
2025-02-27T08:22:15.281+05:30  INFO 8848 --- [EmployeeManagementSystem] [main] com.zaxxer.hikari.HikariDataSource       : HikariPool-1 - Starting...
2025-02-27T08:22:15.573+05:30  INFO 8848 --- [EmployeeManagementSystem] [main] com.zaxxer.hikari.pool.HikariPool        : HikariPool-1 - Added connection org.postgresql.jdbc.PgConnection@25d911a
2025-02-27T08:22:15.575+05:30  INFO 8848 --- [EmployeeManagementSystem] [main] com.zaxxer.hikari.HikariDataSource       : HikariPool-1 - Start completed.
2025-02-27T08:22:15.672+05:30  WARN 8848 --- [EmployeeManagementSystem] [main] org.hibernate.orm.deprecation            : HHH90000025: PostgreSQLDialect does not need to be specified explicitly using 'hibernate.dialect' (remove the property setting and it will be selected by default)
2025-02-27T08:22:15.702+05:30  INFO 8848 --- [EmployeeManagementSystem] [main] org.hibernate.orm.connections.pooling    : HHH10001005: Database info:
	Database JDBC URL [Connecting through datasource 'HikariDataSource (HikariPool-1)']
	Database driver: undefined/unknown
	Database version: 16.6
	Autocommit mode: undefined/unknown
	Isolation level: undefined/unknown
	Minimum pool size: undefined/unknown
	Maximum pool size: undefined/unknown
2025-02-27T08:22:16.834+05:30  INFO 8848 --- [EmployeeManagementSystem] [main] o.h.e.t.j.p.i.JtaPlatformInitiator       : HHH000489: No JTA platform available (set 'hibernate.transaction.jta.platform' to enable JTA platform integration)
2025-02-27T08:22:17.010+05:30  INFO 8848 --- [EmployeeManagementSystem] [main] j.LocalContainerEntityManagerFactoryBean : Initialized JPA EntityManagerFactory for persistence unit 'default'
2025-02-27T08:22:17.371+05:30  WARN 8848 --- [EmployeeManagementSystem] [main] JpaBaseConfiguration$JpaWebConfiguration : spring.jpa.open-in-view is enabled by default. Therefore, database queries may be performed during view rendering. Explicitly configure spring.jpa.open-in-view to disable this warning
2025-02-27T08:22:17.881+05:30  INFO 8848 --- [EmployeeManagementSystem] [main] o.s.b.w.embedded.tomcat.TomcatWebServer  : Tomcat started on port 8080 (http) with context path '/'
2025-02-27T08:22:17.893+05:30  INFO 8848 --- [EmployeeManagementSystem] [main] .e.s.EmployeeManagementSystemApplication : Started EmployeeManagementSystemApplication in 6.513 seconds (process running for 7.207)
2025-02-27T08:22:38.355+05:30  INFO 8848 --- [EmployeeManagementSystem] [http-nio-8080-exec-1] o.a.c.c.C.[Tomcat].[localhost].[/]       : Initializing Spring DispatcherServlet 'dispatcherServlet'
2025-02-27T08:22:38.356+05:30  INFO 8848 --- [EmployeeManagementSystem] [http-nio-8080-exec-1] o.s.web.servlet.DispatcherServlet        : Initializing Servlet 'dispatcherServlet'
2025-02-27T08:22:38.358+05:30  INFO 8848 --- [EmployeeManagementSystem] [http-nio-8080-exec-1] o.s.web.servlet.DispatcherServlet        : Completed initialization in 2 ms
